TN:
SF:/Users/yingguo/Desktop/531web/hw4/src/polyfills.ts
FNF:0
FNH:0
DA:41,1
DA:42,1
DA:56,1
LF:3
LH:3
BRF:0
BRH:0
end_of_record
TN:
SF:/Users/yingguo/Desktop/531web/hw4/src/profileActions.ts
FN:2,(anonymous_0)
FN:14,(anonymous_1)
FN:26,(anonymous_2)
FN:34,(anonymous_3)
FN:38,(anonymous_4)
FN:44,(anonymous_5)
FN:47,(anonymous_6)
FN:53,(anonymous_7)
FN:55,(anonymous_8)
FN:58,(anonymous_9)
FN:62,(anonymous_10)
FN:64,(anonymous_11)
FN:67,(anonymous_12)
FN:71,(anonymous_13)
FN:74,(anonymous_14)
FN:78,(anonymous_15)
FN:83,(anonymous_16)
FN:85,(anonymous_17)
FN:89,(anonymous_18)
FN:94,(anonymous_19)
FN:96,(anonymous_20)
FN:100,(anonymous_21)
FN:105,(anonymous_22)
FN:107,(anonymous_23)
FN:111,(anonymous_24)
FN:116,(anonymous_25)
FN:122,(anonymous_26)
FN:125,(anonymous_27)
FNF:28
FNH:20
FNDA:12,(anonymous_0)
FNDA:11,(anonymous_1)
FNDA:3,(anonymous_2)
FNDA:3,(anonymous_3)
FNDA:0,(anonymous_4)
FNDA:1,(anonymous_5)
FNDA:0,(anonymous_6)
FNDA:1,(anonymous_7)
FNDA:1,(anonymous_8)
FNDA:0,(anonymous_9)
FNDA:1,(anonymous_10)
FNDA:1,(anonymous_11)
FNDA:0,(anonymous_12)
FNDA:1,(anonymous_13)
FNDA:1,(anonymous_14)
FNDA:0,(anonymous_15)
FNDA:2,(anonymous_16)
FNDA:1,(anonymous_17)
FNDA:1,(anonymous_18)
FNDA:1,(anonymous_19)
FNDA:1,(anonymous_20)
FNDA:0,(anonymous_21)
FNDA:1,(anonymous_22)
FNDA:1,(anonymous_23)
FNDA:0,(anonymous_24)
FNDA:1,(anonymous_25)
FNDA:1,(anonymous_26)
FNDA:0,(anonymous_27)
DA:1,1
DA:2,20
DA:3,12
DA:11,12
DA:13,12
DA:15,11
DA:17,11
DA:20,0
DA:21,0
DA:26,1
DA:27,3
DA:30,3
DA:35,3
DA:36,3
DA:39,0
DA:40,0
DA:44,1
DA:45,1
DA:48,0
DA:53,1
DA:54,1
DA:56,1
DA:59,0
DA:62,1
DA:63,1
DA:65,1
DA:68,0
DA:71,1
DA:73,1
DA:76,1
DA:79,0
DA:83,1
DA:84,2
DA:86,1
DA:87,1
DA:90,1
DA:94,1
DA:95,1
DA:97,1
DA:98,1
DA:101,0
DA:105,1
DA:106,1
DA:108,1
DA:109,1
DA:112,0
DA:116,1
DA:117,1
DA:118,1
DA:119,1
DA:123,1
DA:126,0
DA:127,0
LF:53
LH:41
BRDA:2,0,0,8
BRDA:2,0,1,4
BRDA:11,1,0,4
BRDA:11,1,1,8
BRDA:15,2,0,11
BRDA:15,2,1,0
BRF:6
BRH:5
end_of_record
TN:
SF:/Users/yingguo/Desktop/531web/hw4/src/test.ts
FN:20,(anonymous_0)
FNF:1
FNH:1
FNDA:1,(anonymous_0)
DA:3,1
DA:4,1
DA:5,1
DA:6,1
DA:7,1
DA:8,1
DA:9,1
DA:10,1
DA:20,1
DA:23,1
DA:28,1
DA:30,1
DA:32,1
LF:13
LH:13
BRF:0
BRH:0
end_of_record
TN:
SF:/Users/yingguo/Desktop/531web/hw4/src/app/app.component.ts
FN:11,(anonymous_2)
FN:12,AppComponent
FN:13,(anonymous_4)
FNF:3
FNH:3
FNDA:1,(anonymous_2)
FNDA:1,AppComponent
FNDA:1,(anonymous_4)
DA:1,1
DA:2,1
DA:3,1
DA:11,1
DA:12,1
DA:13,1
DA:17,1
LF:7
LH:7
BRDA:12,0,0,1
BRDA:12,0,1,0
BRDA:12,1,0,1
BRDA:12,2,0,1
BRDA:12,2,1,1
BRDA:12,2,2,0
BRDA:12,3,0,1
BRDA:12,3,1,1
BRDA:12,4,0,1
BRDA:12,4,1,1
BRDA:12,4,2,0
BRDA:12,5,0,1
BRDA:12,5,1,1
BRF:13
BRH:10
end_of_record
TN:
SF:/Users/yingguo/Desktop/531web/hw4/src/app/share.service.ts
FN:4,(anonymous_2)
FN:8,ShareService
FN:11,(anonymous_4)
FN:17,(anonymous_5)
FN:20,(anonymous_6)
FN:26,(anonymous_7)
FN:37,(anonymous_8)
FN:43,(anonymous_9)
FN:49,(anonymous_10)
FN:52,(anonymous_11)
FN:57,(anonymous_12)
FN:60,(anonymous_13)
FN:63,(anonymous_14)
FN:66,(anonymous_15)
FN:72,(anonymous_16)
FN:75,(anonymous_17)
FNF:16
FNH:6
FNDA:1,(anonymous_2)
FNDA:12,ShareService
FNDA:1,(anonymous_4)
FNDA:0,(anonymous_5)
FNDA:0,(anonymous_6)
FNDA:0,(anonymous_7)
FNDA:1,(anonymous_8)
FNDA:0,(anonymous_9)
FNDA:0,(anonymous_10)
FNDA:0,(anonymous_11)
FNDA:0,(anonymous_12)
FNDA:0,(anonymous_13)
FNDA:13,(anonymous_14)
FNDA:1,(anonymous_15)
FNDA:0,(anonymous_16)
FNDA:0,(anonymous_17)
DA:1,1
DA:4,1
DA:6,12
DA:11,1
DA:12,1
DA:13,1
DA:14,1
DA:15,1
DA:17,1
DA:18,0
DA:20,1
DA:21,0
DA:22,0
DA:23,0
DA:24,0
DA:26,1
DA:31,0
DA:32,0
DA:33,0
DA:34,0
DA:35,0
DA:37,1
DA:38,1
DA:39,1
DA:40,1
DA:41,1
DA:43,1
DA:44,0
DA:45,0
DA:47,0
DA:49,1
DA:50,0
DA:52,1
DA:53,0
DA:54,0
DA:55,0
DA:57,1
DA:58,0
DA:60,1
DA:61,0
DA:63,1
DA:64,13
DA:66,1
DA:67,1
DA:68,1
DA:69,1
DA:72,1
DA:73,0
DA:75,1
DA:76,0
DA:78,1
LF:51
LH:30
BRDA:44,0,0,0
BRDA:44,0,1,0
BRDA:68,1,0,1
BRDA:68,1,1,0
BRF:4
BRH:1
end_of_record
TN:
SF:/Users/yingguo/Desktop/531web/hw4/src/app/article/article.component.ts
FN:15,(anonymous_2)
FN:31,ArticleComponent
FN:35,(anonymous_4)
FN:47,(anonymous_5)
FN:49,(anonymous_6)
FN:51,(anonymous_7)
FN:53,(anonymous_8)
FN:60,(anonymous_9)
FN:69,(anonymous_10)
FN:86,(anonymous_11)
FN:90,(anonymous_12)
FN:95,(anonymous_13)
FN:105,(anonymous_14)
FN:112,(anonymous_15)
FNF:14
FNH:3
FNDA:1,(anonymous_2)
FNDA:6,ArticleComponent
FNDA:5,(anonymous_4)
FNDA:0,(anonymous_5)
FNDA:0,(anonymous_6)
FNDA:0,(anonymous_7)
FNDA:0,(anonymous_8)
FNDA:0,(anonymous_9)
FNDA:0,(anonymous_10)
FNDA:0,(anonymous_11)
FNDA:0,(anonymous_12)
FNDA:0,(anonymous_13)
FNDA:0,(anonymous_14)
FNDA:0,(anonymous_15)
DA:1,1
DA:2,1
DA:3,1
DA:4,1
DA:5,1
DA:7,1
DA:15,1
DA:19,6
DA:20,6
DA:21,6
DA:22,6
DA:24,6
DA:25,6
DA:26,6
DA:27,6
DA:28,6
DA:30,6
DA:31,6
DA:32,6
DA:35,5
DA:36,5
DA:37,0
DA:38,0
DA:39,0
DA:40,0
DA:42,5
DA:43,0
DA:46,5
DA:47,0
DA:48,5
DA:49,0
DA:51,1
DA:52,0
DA:54,0
DA:55,0
DA:60,1
DA:61,0
DA:62,0
DA:63,0
DA:64,0
DA:65,0
DA:69,1
DA:70,0
DA:71,0
DA:72,0
DA:73,0
DA:74,0
DA:75,0
DA:76,0
DA:77,0
DA:80,0
DA:81,0
DA:83,0
DA:84,0
DA:86,1
DA:87,0
DA:90,1
DA:92,0
DA:95,1
DA:96,0
DA:97,0
DA:98,0
DA:99,0
DA:101,0
DA:102,0
DA:105,1
DA:106,0
DA:107,0
DA:108,0
DA:110,0
DA:112,1
DA:113,0
DA:114,0
DA:115,0
DA:117,1
LF:75
LH:33
BRDA:36,0,0,0
BRDA:36,0,1,5
BRDA:42,1,0,0
BRDA:42,1,1,5
BRDA:61,2,0,0
BRDA:61,2,1,0
BRDA:71,3,0,0
BRDA:71,3,1,0
BRDA:80,4,0,0
BRDA:80,4,1,0
BRDA:97,5,0,0
BRDA:97,5,1,0
BRDA:107,6,0,0
BRDA:107,6,1,0
BRDA:31,7,0,1
BRDA:31,7,1,0
BRDA:31,8,0,1
BRDA:31,9,0,1
BRDA:31,9,1,1
BRDA:31,9,2,0
BRDA:31,10,0,1
BRDA:31,10,1,1
BRDA:31,11,0,1
BRDA:31,11,1,1
BRDA:31,11,2,0
BRDA:31,12,0,1
BRDA:31,12,1,1
BRDA:32,13,0,1
BRDA:32,13,1,1
BRDA:32,13,2,0
BRDA:32,14,0,1
BRDA:32,14,1,1
BRF:32
BRH:16
end_of_record
TN:
SF:/Users/yingguo/Desktop/531web/hw4/src/app/article/articles.service.ts
FN:8,(anonymous_2)
FN:9,ArticlesService
FN:11,(anonymous_4)
FN:20,(anonymous_5)
FNF:4
FNH:3
FNDA:1,(anonymous_2)
FNDA:7,ArticlesService
FNDA:0,(anonymous_4)
FNDA:1,(anonymous_5)
DA:1,1
DA:2,1
DA:3,1
DA:4,1
DA:5,1
DA:8,1
DA:9,7
DA:11,1
DA:13,0
DA:14,0
DA:15,0
DA:18,0
DA:20,1
DA:21,1
DA:22,1
DA:23,3
DA:25,1
DA:29,0
DA:30,0
DA:33,1
DA:37,1
LF:21
LH:15
BRDA:14,0,0,0
BRDA:14,0,1,0
BRDA:21,1,0,1
BRDA:21,1,1,0
BRDA:23,2,0,1
BRDA:23,2,1,2
BRDA:23,3,0,3
BRDA:23,3,1,3
BRDA:9,4,0,1
BRDA:9,4,1,0
BRDA:9,5,0,1
BRDA:9,6,0,1
BRDA:9,6,1,1
BRDA:9,6,2,0
BRDA:9,7,0,1
BRDA:9,7,1,1
BRDA:9,8,0,1
BRDA:9,8,1,1
BRDA:9,8,2,0
BRDA:9,9,0,1
BRDA:9,9,1,1
BRF:21
BRH:15
end_of_record
TN:
SF:/Users/yingguo/Desktop/531web/hw4/src/app/article/new-article.service.ts
FN:4,(anonymous_2)
FN:14,NewArticleService
FN:15,(anonymous_4)
FN:24,(anonymous_5)
FNF:4
FNH:3
FNDA:1,(anonymous_2)
FNDA:7,NewArticleService
FNDA:1,(anonymous_4)
FNDA:0,(anonymous_5)
DA:1,1
DA:2,1
DA:4,1
DA:5,7
DA:14,7
DA:15,1
DA:16,1
DA:17,1
DA:18,1
DA:19,1
DA:20,1
DA:21,1
DA:22,1
DA:24,1
DA:25,0
DA:26,0
DA:27,0
DA:28,0
DA:30,1
LF:19
LH:15
BRDA:14,0,0,1
BRDA:14,0,1,0
BRDA:14,1,0,1
BRF:3
BRH:2
end_of_record
TN:
SF:/Users/yingguo/Desktop/531web/hw4/src/app/auth/auth.component.ts
FN:15,(anonymous_2)
FN:67,AuthComponent
FN:69,(anonymous_4)
FN:44,(anonymous_5)
FN:47,(anonymous_6)
FN:57,(anonymous_7)
FN:72,(anonymous_8)
FN:75,(anonymous_9)
FNF:8
FNH:3
FNDA:1,(anonymous_2)
FNDA:1,AuthComponent
FNDA:0,(anonymous_4)
FNDA:0,(anonymous_5)
FNDA:0,(anonymous_6)
FNDA:0,(anonymous_7)
FNDA:1,(anonymous_8)
FNDA:0,(anonymous_9)
DA:1,1
DA:2,1
DA:3,1
DA:4,1
DA:5,1
DA:6,1
DA:7,1
DA:15,1
DA:16,1
DA:17,1
DA:22,1
DA:24,1
DA:34,1
DA:44,1
DA:45,0
DA:47,1
DA:48,0
DA:49,0
DA:50,0
DA:51,0
DA:52,0
DA:53,0
DA:54,0
DA:55,0
DA:57,1
DA:58,0
DA:60,0
DA:61,0
DA:63,0
DA:65,0
DA:67,1
DA:68,1
DA:69,0
DA:72,1
DA:75,1
DA:76,0
DA:79,1
LF:37
LH:21
BRDA:60,0,0,0
BRDA:60,0,1,0
BRDA:16,1,0,1
BRDA:16,1,1,0
BRDA:16,2,0,1
BRDA:17,3,0,1
BRDA:17,3,1,0
BRDA:17,4,0,1
BRDA:67,5,0,1
BRDA:67,5,1,0
BRDA:67,6,0,1
BRDA:67,7,0,1
BRDA:67,7,1,1
BRDA:67,7,2,0
BRDA:67,8,0,1
BRDA:67,8,1,1
BRDA:67,9,0,1
BRDA:67,9,1,1
BRDA:67,9,2,0
BRDA:67,10,0,1
BRDA:67,10,1,1
BRDA:67,11,0,1
BRDA:67,11,1,1
BRDA:67,11,2,0
BRDA:67,12,0,1
BRDA:67,12,1,1
BRDA:67,13,0,1
BRDA:67,13,1,1
BRDA:67,13,2,0
BRDA:67,14,0,1
BRDA:67,14,1,1
BRF:31
BRH:22
end_of_record
TN:
SF:/Users/yingguo/Desktop/531web/hw4/src/app/auth/login.service.ts
FN:6,(anonymous_2)
FN:33,LoginService
FN:10,(anonymous_4)
FN:29,(anonymous_5)
FNF:4
FNH:3
FNDA:1,(anonymous_2)
FNDA:3,LoginService
FNDA:2,(anonymous_4)
FNDA:0,(anonymous_5)
DA:1,1
DA:3,1
DA:4,1
DA:6,1
DA:10,1
DA:11,2
DA:12,2
DA:13,2
DA:14,1
DA:15,1
DA:16,1
DA:17,1
DA:21,0
DA:27,1
DA:29,1
DA:30,0
DA:31,0
DA:33,3
DA:37,1
LF:19
LH:16
BRDA:13,0,0,1
BRDA:13,0,1,1
BRDA:14,1,0,1
BRDA:14,1,1,0
BRDA:33,2,0,1
BRDA:33,2,1,0
BRDA:33,3,0,1
BRDA:33,4,0,1
BRDA:33,4,1,1
BRDA:33,4,2,0
BRDA:33,5,0,1
BRDA:33,5,1,1
BRF:12
BRH:9
end_of_record
TN:
SF:/Users/yingguo/Desktop/531web/hw4/src/app/auth/register.service.ts
FN:5,(anonymous_2)
FN:16,RegisterService
FN:23,(anonymous_4)
FN:38,(anonymous_5)
FN:73,(anonymous_6)
FNF:5
FNH:2
FNDA:1,(anonymous_2)
FNDA:1,RegisterService
FNDA:0,(anonymous_4)
FNDA:0,(anonymous_5)
FNDA:0,(anonymous_6)
DA:1,1
DA:5,1
DA:6,1
DA:22,1
DA:23,1
DA:26,0
DA:27,0
DA:28,0
DA:29,0
DA:30,0
DA:31,0
DA:32,0
DA:34,0
DA:35,0
DA:36,0
DA:38,1
DA:39,0
DA:40,0
DA:41,0
DA:43,0
DA:45,0
DA:46,0
DA:48,0
DA:49,0
DA:50,0
DA:52,0
DA:53,0
DA:54,0
DA:56,0
DA:57,0
DA:58,0
DA:60,0
DA:61,0
DA:62,0
DA:64,0
DA:66,0
DA:67,0
DA:69,0
DA:70,0
DA:71,0
DA:73,1
DA:74,0
DA:75,0
DA:76,0
DA:77,0
DA:78,0
DA:79,0
DA:80,0
DA:81,0
DA:82,0
DA:84,1
LF:51
LH:8
BRDA:31,0,0,0
BRDA:31,0,1,0
BRDA:31,1,0,0
BRDA:31,1,1,0
BRDA:31,1,2,0
BRDA:34,2,0,0
BRDA:34,2,1,0
BRDA:39,3,0,0
BRDA:39,3,1,0
BRDA:43,4,0,0
BRDA:43,4,1,0
BRDA:48,5,0,0
BRDA:48,5,1,0
BRDA:52,6,0,0
BRDA:52,6,1,0
BRDA:56,7,0,0
BRDA:56,7,1,0
BRDA:60,8,0,0
BRDA:60,8,1,0
BRDA:64,9,0,0
BRDA:64,9,1,0
BRDA:69,10,0,0
BRDA:69,10,1,0
BRF:23
BRH:0
end_of_record
TN:
SF:/Users/yingguo/Desktop/531web/hw4/src/app/main/nav.service.ts
FN:6,(anonymous_2)
FN:8,NavService
FN:9,(anonymous_4)
FN:13,(anonymous_5)
FN:16,(anonymous_6)
FNF:5
FNH:3
FNDA:1,(anonymous_2)
FNDA:1,NavService
FNDA:0,(anonymous_4)
FNDA:1,(anonymous_5)
FNDA:0,(anonymous_6)
DA:1,1
DA:2,1
DA:4,1
DA:6,1
DA:8,1
DA:9,1
DA:10,0
DA:11,0
DA:13,1
DA:14,1
DA:16,1
DA:17,0
DA:19,1
LF:13
LH:10
BRDA:8,0,0,1
BRDA:8,0,1,0
BRDA:8,1,0,1
BRDA:8,2,0,1
BRDA:8,2,1,1
BRDA:8,2,2,0
BRDA:8,3,0,1
BRDA:8,3,1,1
BRF:8
BRH:6
end_of_record
TN:
SF:/Users/yingguo/Desktop/531web/hw4/src/app/profile/profile.component.ts
FN:16,(anonymous_2)
FN:28,ProfileComponent
FN:31,(anonymous_4)
FN:37,(anonymous_5)
FN:44,(anonymous_6)
FN:89,(anonymous_7)
FNF:6
FNH:4
FNDA:1,(anonymous_2)
FNDA:3,ProfileComponent
FNDA:3,(anonymous_4)
FNDA:0,(anonymous_5)
FNDA:0,(anonymous_6)
FNDA:3,(anonymous_7)
DA:1,1
DA:3,1
DA:4,1
DA:6,1
DA:8,1
DA:16,1
DA:20,3
DA:21,3
DA:22,3
DA:23,3
DA:24,3
DA:25,3
DA:28,3
DA:29,3
DA:31,3
DA:32,3
DA:34,0
DA:36,3
DA:38,0
DA:44,1
DA:46,0
DA:47,0
DA:48,0
DA:49,0
DA:51,0
DA:53,0
DA:54,0
DA:55,0
DA:58,0
DA:60,0
DA:61,0
DA:62,0
DA:64,0
DA:66,0
DA:67,0
DA:68,0
DA:70,0
DA:72,0
DA:73,0
DA:74,0
DA:76,0
DA:77,0
DA:79,0
DA:80,0
DA:81,0
DA:82,0
DA:83,0
DA:89,1
DA:92,1
LF:49
LH:20
BRDA:32,0,0,0
BRDA:32,0,1,3
BRDA:46,1,0,0
BRDA:46,1,1,0
BRDA:46,2,0,0
BRDA:46,2,1,0
BRDA:47,3,0,0
BRDA:47,3,1,0
BRDA:47,4,0,0
BRDA:47,4,1,0
BRDA:53,5,0,0
BRDA:53,5,1,0
BRDA:53,6,0,0
BRDA:53,6,1,0
BRDA:60,7,0,0
BRDA:60,7,1,0
BRDA:60,8,0,0
BRDA:60,8,1,0
BRDA:66,9,0,0
BRDA:66,9,1,0
BRDA:66,10,0,0
BRDA:66,10,1,0
BRDA:72,11,0,0
BRDA:72,11,1,0
BRDA:72,12,0,0
BRDA:72,12,1,0
BRDA:81,13,0,0
BRDA:81,13,1,0
BRDA:28,14,0,1
BRDA:28,14,1,0
BRDA:28,15,0,1
BRDA:28,16,0,1
BRDA:28,16,1,1
BRDA:28,16,2,0
BRDA:28,17,0,1
BRDA:28,17,1,1
BRF:36
BRH:7
end_of_record
